<?xml version="1.0"?><coverage lines-covered="1810" lines-valid="9992" line-rate="0.1811449159327462" branches-covered="0" branches-valid="0" branch-rate="0" complexity="0" version="1.9" timestamp="1752992315"><sources><source>/home/dromix/projects/pawn/src-tauri</source></sources><packages><package name="benches" line-rate="0" branch-rate="0" complexity="0"><classes></classes></package><package name="src/pawn/service" line-rate="0.2209981417573666" branch-rate="0" complexity="0"><classes><class name="export" filename="src/pawn/service/export.rs" line-rate="0.006507592190889371" branch-rate="0" complexity="0"><methods/><lines><line number="32" hits="10"/><line number="38" hits="28"/><line number="39" hits="28"/><line number="40" hits="0"/><line number="53" hits="0"/><line number="57" hits="0"/><line number="59" hits="0"/><line number="60" hits="0"/><line number="61" hits="0"/><line number="65" hits="0"/><line number="66" hits="0"/><line number="69" hits="0"/><line number="72" hits="0"/><line number="73" hits="0"/><line number="74" hits="0"/><line number="75" hits="0"/><line number="76" hits="0"/><line number="77" hits="0"/><line number="79" hits="0"/><line number="80" hits="0"/><line number="81" hits="0"/><line number="84" hits="0"/><line number="86" hits="0"/><line number="87" hits="0"/><line number="88" hits="0"/><line number="89" hits="0"/><line number="90" hits="0"/><line number="91" hits="0"/><line number="92" hits="0"/><line number="94" hits="0"/><line number="95" hits="0"/><line number="96" hits="0"/><line number="97" hits="0"/><line number="98" hits="0"/><line number="99" hits="0"/><line number="100" hits="0"/><line number="103" hits="0"/><line number="104" hits="0"/><line number="105" hits="0"/><line number="106" hits="0"/><line number="107" hits="0"/><line number="108" hits="0"/><line number="109" hits="0"/><line number="110" hits="0"/><line number="111" hits="0"/><line number="118" hits="0"/><line number="119" hits="0"/><line number="120" hits="0"/><line number="121" hits="0"/><line number="122" hits="0"/><line number="123" hits="0"/><line number="124" hits="0"/><line number="125" hits="0"/><line number="126" hits="0"/><line number="127" hits="0"/><line number="130" hits="0"/><line number="131" hits="0"/><line number="132" hits="0"/><line number="134" hits="0"/><line number="136" hits="0"/><line number="137" hits="0"/><line number="138" hits="0"/><line number="141" hits="0"/><line number="145" hits="0"/><line number="146" hits="0"/><line number="147" hits="0"/><line number="148" hits="0"/><line number="151" hits="0"/><line number="152" hits="0"/><line number="153" hits="0"/><line number="156" hits="0"/><line number="159" hits="0"/><line number="160" hits="0"/><line number="161" hits="0"/><line number="162" hits="0"/><line number="163" hits="0"/><line number="164" hits="0"/><line number="169" hits="0"/><line number="170" hits="0"/><line number="171" hits="0"/><line number="172" hits="0"/><line number="173" hits="0"/><line number="174" hits="0"/><line number="178" hits="0"/><line number="179" hits="0"/><line number="180" hits="0"/><line number="181" hits="0"/><line number="182" hits="0"/><line number="184" hits="0"/><line number="185" hits="0"/><line number="186" hits="0"/><line number="191" hits="0"/><line number="192" hits="0"/><line number="193" hits="0"/><line number="194" hits="0"/><line number="195" hits="0"/><line number="196" hits="0"/><line number="197" hits="0"/><line number="198" hits="0"/><line number="203" hits="0"/><line number="204" hits="0"/><line number="206" hits="0"/><line number="207" hits="0"/><line number="209" hits="0"/><line number="214" hits="0"/><line number="215" hits="0"/><line number="216" hits="0"/><line number="219" hits="0"/><line number="222" hits="0"/><line number="223" hits="0"/><line number="224" hits="0"/><line number="225" hits="0"/><line number="226" hits="0"/><line number="227" hits="0"/><line number="228" hits="0"/><line number="229" hits="0"/><line number="230" hits="0"/><line number="231" hits="0"/><line number="232" hits="0"/><line number="233" hits="0"/><line number="237" hits="0"/><line number="238" hits="0"/><line number="240" hits="0"/><line number="243" hits="0"/><line number="245" hits="0"/><line number="246" hits="0"/><line number="247" hits="0"/><line number="248" hits="0"/><line number="249" hits="0"/><line number="250" hits="0"/><line number="251" hits="0"/><line number="252" hits="0"/><line number="253" hits="0"/><line number="259" hits="0"/><line number="261" hits="0"/><line number="263" hits="0"/><line number="267" hits="0"/><line number="268" hits="0"/><line number="269" hits="0"/><line number="270" hits="0"/><line number="271" hits="0"/><line number="272" hits="0"/><line number="273" hits="0"/><line number="274" hits="0"/><line number="275" hits="0"/><line number="278" hits="0"/><line number="279" hits="0"/><line number="281" hits="0"/><line number="283" hits="0"/><line number="284" hits="0"/><line number="286" hits="0"/><line number="290" hits="0"/><line number="296" hits="0"/><line number="299" hits="0"/><line number="300" hits="0"/><line number="301" hits="0"/><line number="302" hits="0"/><line number="303" hits="0"/><line number="305" hits="0"/><line number="306" hits="0"/><line number="307" hits="0"/><line number="308" hits="0"/><line number="311" hits="0"/><line number="312" hits="0"/><line number="313" hits="0"/><line number="314" hits="0"/><line number="316" hits="0"/><line number="317" hits="0"/><line number="318" hits="0"/><line number="320" hits="0"/><line number="321" hits="0"/><line number="322" hits="0"/><line number="324" hits="0"/><line number="325" hits="0"/><line number="326" hits="0"/><line number="330" hits="0"/><line number="331" hits="0"/><line number="332" hits="0"/><line number="333" hits="0"/><line number="336" hits="0"/><line number="337" hits="0"/><line number="338" hits="0"/><line number="341" hits="0"/><line number="344" hits="0"/><line number="345" hits="0"/><line number="346" hits="0"/><line number="347" hits="0"/><line number="348" hits="0"/><line number="349" hits="0"/><line number="350" hits="0"/><line number="351" hits="0"/><line number="352" hits="0"/><line number="353" hits="0"/><line number="354" hits="0"/><line number="358" hits="0"/><line number="359" hits="0"/><line number="361" hits="0"/><line number="363" hits="0"/><line number="367" hits="0"/><line number="368" hits="0"/><line number="369" hits="0"/><line number="370" hits="0"/><line number="371" hits="0"/><line number="372" hits="0"/><line number="373" hits="0"/><line number="374" hits="0"/><line number="377" hits="0"/><line number="379" hits="0"/><line number="380" hits="0"/><line number="381" hits="0"/><line number="382" hits="0"/><line number="383" hits="0"/><line number="384" hits="0"/><line number="385" hits="0"/><line number="386" hits="0"/><line number="387" hits="0"/><line number="389" hits="0"/><line number="391" hits="0"/><line number="393" hits="0"/><line number="397" hits="0"/><line number="398" hits="0"/><line number="399" hits="0"/><line number="400" hits="0"/><line number="402" hits="0"/><line number="403" hits="0"/><line number="405" hits="0"/><line number="407" hits="0"/><line number="409" hits="0"/><line number="413" hits="0"/><line number="414" hits="0"/><line number="417" hits="0"/><line number="418" hits="0"/><line number="419" hits="0"/><line number="420" hits="0"/><line number="421" hits="0"/><line number="422" hits="0"/><line number="423" hits="0"/><line number="427" hits="0"/><line number="428" hits="0"/><line number="429" hits="0"/><line number="431" hits="0"/><line number="432" hits="0"/><line number="433" hits="0"/><line number="434" hits="0"/><line number="435" hits="0"/><line number="436" hits="0"/><line number="437" hits="0"/><line number="438" hits="0"/><line number="439" hits="0"/><line number="440" hits="0"/><line number="445" hits="0"/><line number="447" hits="0"/><line number="449" hits="0"/><line number="453" hits="0"/><line number="463" hits="0"/><line number="469" hits="0"/><line number="472" hits="0"/><line number="473" hits="0"/><line number="476" hits="0"/><line number="479" hits="0"/><line number="480" hits="0"/><line number="482" hits="0"/><line number="483" hits="0"/><line number="484" hits="0"/><line number="486" hits="0"/><line number="489" hits="0"/><line number="490" hits="0"/><line number="492" hits="0"/><line number="493" hits="0"/><line number="494" hits="0"/><line number="496" hits="0"/><line number="497" hits="0"/><line number="498" hits="0"/><line number="500" hits="0"/><line number="501" hits="0"/><line number="502" hits="0"/><line number="504" hits="0"/><line number="505" hits="0"/><line number="506" hits="0"/><line number="508" hits="0"/><line number="509" hits="0"/><line number="510" hits="0"/><line number="512" hits="0"/><line number="513" hits="0"/><line number="514" hits="0"/><line number="515" hits="0"/><line number="516" hits="0"/><line number="519" hits="0"/><line number="520" hits="0"/><line number="521" hits="0"/><line number="523" hits="0"/><line number="526" hits="0"/><line number="527" hits="0"/><line number="528" hits="0"/><line number="531" hits="0"/><line number="532" hits="0"/><line number="533" hits="0"/><line number="534" hits="0"/><line number="535" hits="0"/><line number="536" hits="0"/><line number="539" hits="0"/><line number="540" hits="0"/><line number="542" hits="0"/><line number="545" hits="0"/><line number="546" hits="0"/><line number="547" hits="0"/><line number="548" hits="0"/><line number="550" hits="0"/><line number="551" hits="0"/><line number="552" hits="0"/><line number="554" hits="0"/><line number="555" hits="0"/><line number="557" hits="0"/><line number="558" hits="0"/><line number="559" hits="0"/><line number="561" hits="0"/><line number="562" hits="0"/><line number="564" hits="0"/><line number="565" hits="0"/><line number="566" hits="0"/><line number="568" hits="0"/><line number="570" hits="0"/><line number="577" hits="0"/><line number="578" hits="0"/><line number="579" hits="0"/><line number="580" hits="0"/><line number="583" hits="0"/><line number="584" hits="0"/><line number="585" hits="0"/><line number="589" hits="0"/><line number="592" hits="0"/><line number="593" hits="0"/><line number="595" hits="0"/><line number="599" hits="0"/><line number="603" hits="0"/><line number="606" hits="0"/><line number="609" hits="0"/><line number="610" hits="0"/><line number="611" hits="0"/><line number="612" hits="0"/><line number="613" hits="0"/><line number="614" hits="0"/><line number="615" hits="0"/><line number="616" hits="0"/><line number="617" hits="0"/><line number="618" hits="0"/><line number="621" hits="0"/><line number="622" hits="0"/><line number="623" hits="0"/><line number="628" hits="0"/><line number="629" hits="0"/><line number="632" hits="0"/><line number="634" hits="0"/><line number="635" hits="0"/><line number="638" hits="0"/><line number="641" hits="0"/><line number="642" hits="0"/><line number="643" hits="0"/><line number="644" hits="0"/><line number="645" hits="0"/><line number="646" hits="0"/><line number="647" hits="0"/><line number="648" hits="0"/><line number="651" hits="0"/><line number="652" hits="0"/><line number="653" hits="0"/><line number="654" hits="0"/><line number="656" hits="0"/><line number="657" hits="0"/><line number="658" hits="0"/><line number="660" hits="0"/><line number="665" hits="0"/><line number="666" hits="0"/><line number="668" hits="0"/><line number="669" hits="0"/><line number="671" hits="0"/><line number="672" hits="0"/><line number="674" hits="0"/><line number="675" hits="0"/><line number="677" hits="0"/><line number="678" hits="0"/><line number="680" hits="0"/><line number="681" hits="0"/><line number="683" hits="0"/><line number="684" hits="0"/><line number="686" hits="0"/><line number="687" hits="0"/><line number="689" hits="0"/><line number="690" hits="0"/><line number="692" hits="0"/><line number="693" hits="0"/><line number="695" hits="0"/><line number="696" hits="0"/><line number="698" hits="0"/><line number="699" hits="0"/><line number="701" hits="0"/><line number="702" hits="0"/><line number="704" hits="0"/><line number="705" hits="0"/><line number="707" hits="0"/><line number="708" hits="0"/><line number="710" hits="0"/><line number="711" hits="0"/><line number="713" hits="0"/><line number="714" hits="0"/><line number="718" hits="0"/><line number="719" hits="0"/><line number="720" hits="0"/><line number="721" hits="0"/><line number="722" hits="0"/><line number="723" hits="0"/><line number="724" hits="0"/><line number="726" hits="0"/><line number="731" hits="0"/><line number="735" hits="0"/><line number="738" hits="0"/><line number="740" hits="0"/><line number="741" hits="0"/><line number="744" hits="0"/><line number="747" hits="0"/><line number="748" hits="0"/><line number="749" hits="0"/><line number="750" hits="0"/><line number="751" hits="0"/><line number="754" hits="0"/><line number="755" hits="0"/><line number="757" hits="0"/><line number="758" hits="0"/><line number="759" hits="0"/><line number="761" hits="0"/><line number="762" hits="0"/><line number="764" hits="0"/><line number="765" hits="0"/><line number="767" hits="0"/><line number="768" hits="0"/><line number="770" hits="0"/><line number="771" hits="0"/><line number="773" hits="0"/><line number="774" hits="0"/><line number="776" hits="0"/><line number="780" hits="0"/><line number="783" hits="0"/><line number="786" hits="0"/><line number="788" hits="0"/><line number="792" hits="0"/><line number="794" hits="0"/><line number="795" hits="0"/><line number="796" hits="0"/><line number="798" hits="0"/><line number="799" hits="0"/><line number="801" hits="0"/><line number="802" hits="0"/><line number="804" hits="0"/><line number="809" hits="0"/><line number="813" hits="0"/><line number="814" hits="0"/><line number="815" hits="0"/><line number="816" hits="0"/><line number="817" hits="0"/><line number="823" hits="0"/><line number="824" hits="0"/></lines></class><class name="knockout" filename="src/pawn/service/knockout.rs" line-rate="0.09444444444444444" branch-rate="0" complexity="0"><methods/><lines><line number="13" hits="2"/><line number="14" hits="2"/><line number="15" hits="0"/><line number="17" hits="2"/><line number="21" hits="2"/><line number="22" hits="2"/><line number="23" hits="2"/><line number="25" hits="2"/><line number="26" hits="6"/><line number="27" hits="4"/><line number="29" hits="2"/><line number="34" hits="0"/><line number="38" hits="0"/><line number="39" hits="0"/><line number="40" hits="0"/><line number="41" hits="0"/><line number="45" hits="0"/><line number="46" hits="0"/><line number="48" hits="0"/><line number="51" hits="0"/><line number="53" hits="0"/><line number="58" hits="0"/><line number="62" hits="0"/><line number="63" hits="0"/><line number="64" hits="0"/><line number="67" hits="0"/><line number="69" hits="0"/><line number="74" hits="0"/><line number="75" hits="0"/><line number="77" hits="0"/><line number="82" hits="0"/><line number="84" hits="0"/><line number="87" hits="0"/><line number="92" hits="0"/><line number="94" hits="0"/><line number="95" hits="0"/><line number="96" hits="0"/><line number="97" hits="0"/><line number="100" hits="0"/><line number="101" hits="0"/><line number="102" hits="0"/><line number="105" hits="0"/><line number="106" hits="0"/><line number="107" hits="0"/><line number="108" hits="0"/><line number="112" hits="0"/><line number="117" hits="2"/><line number="120" hits="2"/><line number="121" hits="0"/><line number="123" hits="0"/><line number="124" hits="0"/><line number="126" hits="0"/><line number="129" hits="0"/><line number="130" hits="0"/><line number="131" hits="0"/><line number="132" hits="0"/><line number="133" hits="0"/><line number="134" hits="0"/><line number="136" hits="2"/><line number="137" hits="2"/><line number="138" hits="2"/><line number="139" hits="2"/><line number="140" hits="2"/><line number="141" hits="0"/><line number="142" hits="0"/><line number="143" hits="0"/><line number="144" hits="0"/><line number="145" hits="0"/><line number="149" hits="0"/><line number="150" hits="0"/><line number="151" hits="0"/><line number="152" hits="0"/><line number="154" hits="0"/><line number="155" hits="0"/><line number="162" hits="0"/><line number="167" hits="0"/><line number="169" hits="0"/><line number="170" hits="0"/><line number="174" hits="0"/><line number="175" hits="0"/><line number="177" hits="0"/><line number="178" hits="0"/><line number="179" hits="0"/><line number="180" hits="0"/><line number="183" hits="0"/><line number="187" hits="0"/><line number="188" hits="0"/><line number="191" hits="0"/><line number="192" hits="0"/><line number="193" hits="0"/><line number="194" hits="0"/><line number="195" hits="0"/><line number="196" hits="0"/><line number="197" hits="0"/><line number="198" hits="0"/><line number="199" hits="0"/><line number="200" hits="0"/><line number="201" hits="0"/><line number="202" hits="0"/><line number="203" hits="0"/><line number="204" hits="0"/><line number="205" hits="0"/><line number="207" hits="0"/><line number="210" hits="0"/><line number="211" hits="0"/><line number="212" hits="0"/><line number="213" hits="0"/><line number="214" hits="0"/><line number="215" hits="0"/><line number="216" hits="0"/><line number="217" hits="0"/><line number="218" hits="0"/><line number="219" hits="0"/><line number="220" hits="0"/><line number="221" hits="0"/><line number="222" hits="0"/><line number="223" hits="0"/><line number="224" hits="0"/><line number="226" hits="0"/><line number="228" hits="0"/><line number="230" hits="0"/><line number="232" hits="0"/><line number="233" hits="0"/><line number="234" hits="0"/><line number="235" hits="0"/><line number="238" hits="0"/><line number="239" hits="0"/><line number="240" hits="0"/><line number="241" hits="0"/><line number="242" hits="0"/><line number="243" hits="0"/><line number="244" hits="0"/><line number="245" hits="0"/><line number="246" hits="0"/><line number="247" hits="0"/><line number="248" hits="0"/><line number="249" hits="0"/><line number="250" hits="0"/><line number="251" hits="0"/><line number="252" hits="0"/><line number="254" hits="0"/><line number="255" hits="0"/><line number="257" hits="0"/><line number="262" hits="0"/><line number="266" hits="0"/><line number="271" hits="0"/><line number="272" hits="0"/><line number="273" hits="0"/><line number="275" hits="0"/><line number="280" hits="0"/><line number="281" hits="0"/><line number="282" hits="0"/><line number="285" hits="0"/><line number="286" hits="0"/><line number="288" hits="0"/><line number="291" hits="0"/><line number="295" hits="0"/><line number="297" hits="0"/><line number="299" hits="0"/><line number="303" hits="0"/><line number="304" hits="0"/><line number="306" hits="0"/><line number="307" hits="0"/><line number="311" hits="0"/><line number="313" hits="0"/><line number="315" hits="0"/><line number="316" hits="0"/><line number="317" hits="0"/><line number="322" hits="0"/><line number="323" hits="0"/><line number="325" hits="0"/><line number="326" hits="0"/><line number="327" hits="0"/><line number="331" hits="0"/><line number="334" hits="0"/><line number="335" hits="0"/><line number="338" hits="0"/><line number="339" hits="0"/><line number="342" hits="0"/><line number="348" hits="0"/></lines></class><class name="manual_pairing" filename="src/pawn/service/manual_pairing.rs" line-rate="0.745" branch-rate="0" complexity="0"><methods/><lines><line number="150" hits="0"/><line number="151" hits="0"/><line number="161" hits="2"/><line number="168" hits="0"/><line number="174" hits="2"/><line number="175" hits="6"/><line number="176" hits="6"/><line number="179" hits="13"/><line number="180" hits="0"/><line number="183" hits="0"/><line number="184" hits="0"/><line number="185" hits="0"/><line number="188" hits="0"/><line number="192" hits="7"/><line number="193" hits="6"/><line number="194" hits="3"/><line number="195" hits="2"/><line number="200" hits="3"/><line number="201" hits="2"/><line number="206" hits="6"/><line number="208" hits="2"/><line number="209" hits="4"/><line number="215" hits="2"/><line number="216" hits="3"/><line number="220" hits="2"/><line number="222" hits="4"/><line number="223" hits="5"/><line number="224" hits="6"/><line number="226" hits="2"/><line number="232" hits="6"/><line number="233" hits="0"/><line number="234" hits="0"/><line number="235" hits="0"/><line number="237" hits="0"/><line number="240" hits="0"/><line number="244" hits="4"/><line number="246" hits="3"/><line number="247" hits="6"/><line number="248" hits="6"/><line number="251" hits="12"/><line number="256" hits="7"/><line number="257" hits="5"/><line number="259" hits="2"/><line number="260" hits="3"/><line number="265" hits="2"/><line number="266" hits="4"/><line number="267" hits="4"/><line number="269" hits="2"/><line number="270" hits="2"/><line number="277" hits="3"/><line number="281" hits="2"/><line number="284" hits="4"/><line number="285" hits="3"/><line number="286" hits="2"/><line number="288" hits="8"/><line number="292" hits="9"/><line number="293" hits="2"/><line number="294" hits="2"/><line number="296" hits="2"/><line number="297" hits="4"/><line number="300" hits="4"/><line number="301" hits="4"/><line number="303" hits="0"/><line number="304" hits="0"/><line number="305" hits="0"/><line number="308" hits="2"/><line number="309" hits="2"/><line number="311" hits="2"/><line number="312" hits="4"/><line number="315" hits="2"/><line number="316" hits="2"/><line number="317" hits="2"/><line number="323" hits="2"/><line number="331" hits="8"/><line number="334" hits="3"/><line number="337" hits="6"/><line number="338" hits="0"/><line number="341" hits="0"/><line number="344" hits="0"/><line number="345" hits="0"/><line number="347" hits="0"/><line number="349" hits="0"/><line number="356" hits="0"/><line number="362" hits="7"/><line number="366" hits="4"/><line number="372" hits="2"/><line number="374" hits="6"/><line number="375" hits="0"/><line number="376" hits="0"/><line number="382" hits="4"/><line number="383" hits="8"/><line number="384" hits="0"/><line number="387" hits="0"/><line number="390" hits="9"/><line number="391" hits="5"/><line number="392" hits="4"/><line number="396" hits="5"/><line number="397" hits="5"/><line number="398" hits="4"/><line number="404" hits="0"/><line number="412" hits="0"/><line number="413" hits="0"/><line number="414" hits="0"/><line number="417" hits="0"/><line number="421" hits="0"/><line number="422" hits="0"/><line number="424" hits="0"/><line number="425" hits="0"/><line number="430" hits="0"/><line number="431" hits="0"/><line number="432" hits="0"/><line number="440" hits="0"/><line number="444" hits="2"/><line number="445" hits="2"/><line number="446" hits="6"/><line number="448" hits="4"/><line number="449" hits="4"/><line number="453" hits="4"/><line number="458" hits="7"/><line number="459" hits="4"/><line number="461" hits="2"/><line number="462" hits="2"/><line number="465" hits="4"/><line number="468" hits="2"/><line number="469" hits="2"/><line number="472" hits="2"/><line number="477" hits="2"/><line number="481" hits="2"/><line number="487" hits="2"/><line number="488" hits="2"/><line number="489" hits="2"/><line number="490" hits="0"/><line number="493" hits="4"/><line number="495" hits="2"/><line number="496" hits="2"/><line number="497" hits="4"/><line number="499" hits="4"/><line number="505" hits="2"/><line number="509" hits="3"/><line number="516" hits="3"/><line number="517" hits="3"/><line number="518" hits="3"/><line number="521" hits="3"/><line number="524" hits="4"/><line number="527" hits="5"/><line number="530" hits="6"/><line number="533" hits="6"/><line number="536" hits="6"/><line number="538" hits="6"/><line number="540" hits="4"/><line number="542" hits="7"/><line number="544" hits="6"/><line number="545" hits="6"/><line number="546" hits="6"/><line number="551" hits="3"/><line number="556" hits="3"/><line number="558" hits="6"/><line number="559" hits="6"/><line number="560" hits="2"/><line number="561" hits="2"/><line number="562" hits="4"/><line number="566" hits="4"/><line number="567" hits="2"/><line number="571" hits="7"/><line number="572" hits="4"/><line number="573" hits="2"/><line number="574" hits="2"/><line number="575" hits="2"/><line number="579" hits="4"/><line number="580" hits="2"/><line number="588" hits="4"/><line number="596" hits="4"/><line number="598" hits="8"/><line number="599" hits="0"/><line number="600" hits="0"/><line number="602" hits="0"/><line number="603" hits="0"/><line number="604" hits="0"/><line number="608" hits="4"/><line number="609" hits="8"/><line number="610" hits="4"/><line number="611" hits="4"/><line number="613" hits="4"/><line number="614" hits="0"/><line number="615" hits="0"/><line number="616" hits="0"/><line number="617" hits="0"/><line number="621" hits="0"/><line number="630" hits="6"/><line number="641" hits="6"/><line number="652" hits="6"/><line number="653" hits="6"/><line number="655" hits="12"/><line number="656" hits="12"/><line number="657" hits="2"/><line number="658" hits="2"/><line number="659" hits="2"/><line number="660" hits="4"/><line number="661" hits="2"/><line number="668" hits="6"/></lines></class><class name="norm_calculation" filename="src/pawn/service/norm_calculation.rs" line-rate="0.002824858757062147" branch-rate="0" complexity="0"><methods/><lines><line number="39" hits="18"/><line number="48" hits="0"/><line number="52" hits="0"/><line number="53" hits="0"/><line number="54" hits="0"/><line number="55" hits="0"/><line number="56" hits="0"/><line number="60" hits="0"/><line number="61" hits="0"/><line number="62" hits="0"/><line number="63" hits="0"/><line number="64" hits="0"/><line number="65" hits="0"/><line number="66" hits="0"/><line number="67" hits="0"/><line number="68" hits="0"/><line number="69" hits="0"/><line number="72" hits="0"/><line number="74" hits="0"/><line number="75" hits="0"/><line number="80" hits="0"/><line number="81" hits="0"/><line number="83" hits="0"/><line number="84" hits="0"/><line number="88" hits="0"/><line number="89" hits="0"/><line number="90" hits="0"/><line number="93" hits="0"/><line number="94" hits="0"/><line number="95" hits="0"/><line number="96" hits="0"/><line number="98" hits="0"/><line number="102" hits="0"/><line number="103" hits="0"/><line number="104" hits="0"/><line number="105" hits="0"/><line number="106" hits="0"/><line number="107" hits="0"/><line number="108" hits="0"/><line number="109" hits="0"/><line number="110" hits="0"/><line number="112" hits="0"/><line number="115" hits="0"/><line number="116" hits="0"/><line number="117" hits="0"/><line number="118" hits="0"/><line number="119" hits="0"/><line number="120" hits="0"/><line number="124" hits="0"/><line number="125" hits="0"/><line number="126" hits="0"/><line number="127" hits="0"/><line number="128" hits="0"/><line number="130" hits="0"/><line number="132" hits="0"/><line number="133" hits="0"/><line number="134" hits="0"/><line number="135" hits="0"/><line number="136" hits="0"/><line number="138" hits="0"/><line number="140" hits="0"/><line number="141" hits="0"/><line number="142" hits="0"/><line number="143" hits="0"/><line number="144" hits="0"/><line number="145" hits="0"/><line number="146" hits="0"/><line number="147" hits="0"/><line number="148" hits="0"/><line number="149" hits="0"/><line number="150" hits="0"/><line number="151" hits="0"/><line number="152" hits="0"/><line number="153" hits="0"/><line number="159" hits="0"/><line number="164" hits="0"/><line number="165" hits="0"/><line number="166" hits="0"/><line number="169" hits="0"/><line number="170" hits="0"/><line number="171" hits="0"/><line number="172" hits="0"/><line number="173" hits="0"/><line number="174" hits="0"/><line number="175" hits="0"/><line number="176" hits="0"/><line number="177" hits="0"/><line number="180" hits="0"/><line number="182" hits="0"/><line number="193" hits="0"/><line number="194" hits="0"/><line number="195" hits="0"/><line number="196" hits="0"/><line number="202" hits="0"/><line number="203" hits="0"/><line number="204" hits="0"/><line number="205" hits="0"/><line number="209" hits="0"/><line number="214" hits="0"/><line number="218" hits="0"/><line number="219" hits="0"/><line number="220" hits="0"/><line number="224" hits="0"/><line number="225" hits="0"/><line number="226" hits="0"/><line number="227" hits="0"/><line number="228" hits="0"/><line number="231" hits="0"/><line number="234" hits="0"/><line number="235" hits="0"/><line number="236" hits="0"/><line number="237" hits="0"/><line number="240" hits="0"/><line number="241" hits="0"/><line number="242" hits="0"/><line number="243" hits="0"/><line number="246" hits="0"/><line number="249" hits="0"/><line number="250" hits="0"/><line number="253" hits="0"/><line number="254" hits="0"/><line number="256" hits="0"/><line number="257" hits="0"/><line number="258" hits="0"/><line number="259" hits="0"/><line number="260" hits="0"/><line number="261" hits="0"/><line number="262" hits="0"/><line number="267" hits="0"/><line number="273" hits="0"/><line number="274" hits="0"/><line number="277" hits="0"/><line number="278" hits="0"/><line number="279" hits="0"/><line number="282" hits="0"/><line number="284" hits="0"/><line number="285" hits="0"/><line number="286" hits="0"/><line number="288" hits="0"/><line number="289" hits="0"/><line number="293" hits="0"/><line number="294" hits="0"/><line number="298" hits="0"/><line number="299" hits="0"/><line number="300" hits="0"/><line number="301" hits="0"/><line number="302" hits="0"/><line number="308" hits="0"/><line number="309" hits="0"/><line number="312" hits="0"/><line number="313" hits="0"/><line number="316" hits="0"/><line number="317" hits="0"/><line number="318" hits="0"/><line number="319" hits="0"/><line number="322" hits="0"/><line number="323" hits="0"/><line number="324" hits="0"/><line number="327" hits="0"/><line number="331" hits="0"/><line number="332" hits="0"/><line number="334" hits="0"/><line number="335" hits="0"/><line number="338" hits="0"/><line number="339" hits="0"/><line number="343" hits="0"/><line number="344" hits="0"/><line number="346" hits="0"/><line number="347" hits="0"/><line number="348" hits="0"/><line number="349" hits="0"/><line number="351" hits="0"/><line number="353" hits="0"/><line number="357" hits="0"/><line number="361" hits="0"/><line number="362" hits="0"/><line number="363" hits="0"/><line number="364" hits="0"/><line number="365" hits="0"/><line number="366" hits="0"/><line number="371" hits="0"/><line number="372" hits="0"/><line number="373" hits="0"/><line number="374" hits="0"/><line number="375" hits="0"/><line number="376" hits="0"/><line number="381" hits="0"/><line number="385" hits="0"/><line number="386" hits="0"/><line number="387" hits="0"/><line number="388" hits="0"/><line number="389" hits="0"/><line number="392" hits="0"/><line number="393" hits="0"/><line number="394" hits="0"/><line number="395" hits="0"/><line number="396" hits="0"/><line number="397" hits="0"/><line number="398" hits="0"/><line number="399" hits="0"/><line number="400" hits="0"/><line number="404" hits="0"/><line number="405" hits="0"/><line number="406" hits="0"/><line number="408" hits="0"/><line number="409" hits="0"/><line number="410" hits="0"/><line number="411" hits="0"/><line number="412" hits="0"/><line number="413" hits="0"/><line number="418" hits="0"/><line number="425" hits="0"/><line number="429" hits="0"/><line number="437" hits="0"/><line number="439" hits="0"/><line number="440" hits="0"/><line number="441" hits="0"/><line number="442" hits="0"/><line number="443" hits="0"/><line number="444" hits="0"/><line number="448" hits="0"/><line number="449" hits="0"/><line number="450" hits="0"/><line number="451" hits="0"/><line number="452" hits="0"/><line number="453" hits="0"/><line number="457" hits="0"/><line number="458" hits="0"/><line number="459" hits="0"/><line number="460" hits="0"/><line number="461" hits="0"/><line number="462" hits="0"/><line number="466" hits="0"/><line number="467" hits="0"/><line number="468" hits="0"/><line number="469" hits="0"/><line number="473" hits="0"/><line number="474" hits="0"/><line number="475" hits="0"/><line number="476" hits="0"/><line number="480" hits="0"/><line number="484" hits="0"/><line number="492" hits="0"/><line number="494" hits="0"/><line number="495" hits="0"/><line number="497" hits="0"/><line number="498" hits="0"/><line number="500" hits="0"/><line number="503" hits="0"/><line number="504" hits="0"/><line number="506" hits="0"/><line number="509" hits="0"/><line number="510" hits="0"/><line number="512" hits="0"/><line number="515" hits="0"/><line number="519" hits="0"/><line number="524" hits="0"/><line number="526" hits="0"/><line number="527" hits="0"/><line number="531" hits="0"/><line number="532" hits="0"/><line number="533" hits="0"/><line number="534" hits="0"/><line number="535" hits="0"/><line number="536" hits="0"/><line number="539" hits="0"/><line number="541" hits="0"/><line number="542" hits="0"/><line number="543" hits="0"/><line number="544" hits="0"/><line number="545" hits="0"/><line number="546" hits="0"/><line number="548" hits="0"/><line number="549" hits="0"/><line number="550" hits="0"/><line number="552" hits="0"/><line number="553" hits="0"/><line number="558" hits="0"/><line number="559" hits="0"/><line number="560" hits="0"/><line number="561" hits="0"/><line number="564" hits="0"/><line number="565" hits="0"/><line number="567" hits="0"/><line number="570" hits="0"/><line number="572" hits="0"/><line number="573" hits="0"/><line number="574" hits="0"/><line number="575" hits="0"/><line number="576" hits="0"/><line number="577" hits="0"/><line number="578" hits="0"/><line number="579" hits="0"/><line number="580" hits="0"/><line number="581" hits="0"/><line number="582" hits="0"/><line number="583" hits="0"/><line number="584" hits="0"/><line number="585" hits="0"/><line number="586" hits="0"/><line number="588" hits="0"/><line number="590" hits="0"/><line number="592" hits="0"/><line number="593" hits="0"/><line number="598" hits="0"/><line number="602" hits="0"/><line number="608" hits="0"/><line number="612" hits="0"/><line number="618" hits="0"/><line number="622" hits="0"/><line number="628" hits="0"/><line number="632" hits="0"/><line number="636" hits="0"/><line number="638" hits="0"/><line number="639" hits="0"/><line number="640" hits="0"/><line number="641" hits="0"/><line number="642" hits="0"/><line number="645" hits="0"/><line number="649" hits="0"/><line number="655" hits="0"/><line number="656" hits="0"/><line number="657" hits="0"/><line number="658" hits="0"/><line number="659" hits="0"/><line number="660" hits="0"/><line number="662" hits="0"/><line number="663" hits="0"/><line number="665" hits="0"/><line number="672" hits="0"/><line number="678" hits="0"/><line number="679" hits="0"/><line number="680" hits="0"/><line number="681" hits="0"/><line number="683" hits="0"/><line number="685" hits="0"/><line number="690" hits="0"/><line number="694" hits="0"/><line number="695" hits="0"/><line number="696" hits="0"/><line number="697" hits="0"/><line number="698" hits="0"/><line number="704" hits="0"/><line number="709" hits="0"/><line number="711" hits="0"/><line number="713" hits="0"/><line number="714" hits="0"/><line number="715" hits="0"/><line number="716" hits="0"/><line number="719" hits="0"/><line number="721" hits="0"/><line number="724" hits="0"/><line number="725" hits="0"/><line number="729" hits="0"/></lines></class><class name="pairing" filename="src/pawn/service/pairing.rs" line-rate="0.643598615916955" branch-rate="0" complexity="0"><methods/><lines><line number="21" hits="2"/><line number="22" hits="2"/><line number="28" hits="10"/><line number="30" hits="18"/><line number="31" hits="10"/><line number="32" hits="18"/><line number="36" hits="2"/><line number="43" hits="3"/><line number="45" hits="4"/><line number="47" hits="4"/><line number="48" hits="4"/><line number="49" hits="4"/><line number="51" hits="4"/><line number="57" hits="0"/><line number="62" hits="0"/><line number="65" hits="0"/><line number="68" hits="0"/><line number="75" hits="0"/><line number="79" hits="0"/><line number="85" hits="0"/><line number="91" hits="0"/><line number="99" hits="0"/><line number="103" hits="0"/><line number="111" hits="0"/><line number="118" hits="0"/><line number="119" hits="0"/><line number="120" hits="0"/><line number="121" hits="0"/><line number="122" hits="0"/><line number="127" hits="0"/><line number="128" hits="0"/><line number="129" hits="0"/><line number="130" hits="0"/><line number="131" hits="0"/><line number="134" hits="0"/><line number="138" hits="0"/><line number="142" hits="2"/><line number="149" hits="2"/><line number="154" hits="2"/><line number="166" hits="2"/><line number="167" hits="2"/><line number="168" hits="2"/><line number="172" hits="2"/><line number="175" hits="2"/><line number="183" hits="2"/><line number="184" hits="4"/><line number="185" hits="2"/><line number="186" hits="2"/><line number="187" hits="2"/><line number="190" hits="0"/><line number="191" hits="0"/><line number="192" hits="0"/><line number="194" hits="0"/><line number="199" hits="2"/><line number="206" hits="2"/><line number="209" hits="2"/><line number="215" hits="0"/><line number="221" hits="4"/><line number="222" hits="0"/><line number="223" hits="0"/><line number="227" hits="4"/><line number="229" hits="4"/><line number="232" hits="6"/><line number="235" hits="2"/><line number="236" hits="7"/><line number="237" hits="8"/><line number="238" hits="8"/><line number="240" hits="6"/><line number="242" hits="3"/><line number="243" hits="6"/><line number="246" hits="0"/><line number="258" hits="3"/><line number="259" hits="3"/><line number="260" hits="3"/><line number="263" hits="6"/><line number="264" hits="6"/><line number="269" hits="4"/><line number="270" hits="3"/><line number="271" hits="7"/><line number="273" hits="4"/><line number="278" hits="13"/><line number="279" hits="4"/><line number="280" hits="3"/><line number="282" hits="4"/><line number="283" hits="4"/><line number="284" hits="8"/><line number="285" hits="4"/><line number="287" hits="4"/><line number="290" hits="6"/><line number="291" hits="2"/><line number="292" hits="2"/><line number="293" hits="2"/><line number="294" hits="2"/><line number="296" hits="2"/><line number="297" hits="2"/><line number="301" hits="0"/><line number="305" hits="5"/><line number="308" hits="2"/><line number="316" hits="2"/><line number="324" hits="4"/><line number="325" hits="0"/><line number="331" hits="3"/><line number="337" hits="2"/><line number="340" hits="2"/><line number="347" hits="3"/><line number="353" hits="4"/><line number="354" hits="0"/><line number="355" hits="0"/><line number="359" hits="2"/><line number="360" hits="2"/><line number="362" hits="4"/><line number="363" hits="2"/><line number="364" hits="2"/><line number="367" hits="6"/><line number="368" hits="2"/><line number="372" hits="2"/><line number="378" hits="2"/><line number="379" hits="2"/><line number="381" hits="4"/><line number="382" hits="2"/><line number="386" hits="4"/><line number="392" hits="5"/><line number="394" hits="6"/><line number="398" hits="2"/><line number="399" hits="9"/><line number="400" hits="11"/><line number="401" hits="11"/><line number="403" hits="6"/><line number="405" hits="4"/><line number="406" hits="6"/><line number="409" hits="3"/><line number="410" hits="3"/><line number="411" hits="3"/><line number="414" hits="8"/><line number="415" hits="5"/><line number="419" hits="4"/><line number="420" hits="7"/><line number="421" hits="4"/><line number="424" hits="4"/><line number="425" hits="4"/><line number="427" hits="3"/><line number="428" hits="7"/><line number="433" hits="4"/><line number="434" hits="4"/><line number="439" hits="5"/><line number="440" hits="4"/><line number="441" hits="3"/><line number="444" hits="4"/><line number="447" hits="4"/><line number="450" hits="4"/><line number="451" hits="8"/><line number="454" hits="8"/><line number="455" hits="0"/><line number="458" hits="8"/><line number="459" hits="4"/><line number="460" hits="4"/><line number="464" hits="10"/><line number="465" hits="3"/><line number="466" hits="4"/><line number="468" hits="4"/><line number="471" hits="4"/><line number="472" hits="4"/><line number="474" hits="4"/><line number="475" hits="8"/><line number="477" hits="8"/><line number="479" hits="8"/><line number="480" hits="0"/><line number="481" hits="0"/><line number="484" hits="0"/><line number="485" hits="0"/><line number="487" hits="0"/><line number="491" hits="12"/><line number="498" hits="4"/><line number="499" hits="4"/><line number="500" hits="4"/><line number="501" hits="4"/><line number="503" hits="4"/><line number="506" hits="6"/><line number="511" hits="2"/><line number="512" hits="2"/><line number="513" hits="2"/><line number="514" hits="2"/><line number="516" hits="2"/><line number="517" hits="2"/><line number="521" hits="2"/><line number="525" hits="2"/><line number="528" hits="2"/><line number="534" hits="4"/><line number="537" hits="2"/><line number="540" hits="0"/><line number="547" hits="0"/><line number="550" hits="2"/><line number="555" hits="8"/><line number="556" hits="0"/><line number="559" hits="8"/><line number="560" hits="4"/><line number="561" hits="4"/><line number="565" hits="2"/><line number="566" hits="2"/><line number="569" hits="2"/><line number="570" hits="2"/><line number="572" hits="2"/><line number="575" hits="0"/><line number="576" hits="0"/><line number="578" hits="0"/><line number="579" hits="0"/><line number="580" hits="0"/><line number="581" hits="0"/><line number="582" hits="0"/><line number="583" hits="0"/><line number="584" hits="0"/><line number="585" hits="0"/><line number="586" hits="0"/><line number="587" hits="0"/><line number="588" hits="0"/><line number="589" hits="0"/><line number="590" hits="0"/><line number="591" hits="0"/><line number="592" hits="0"/><line number="593" hits="0"/><line number="597" hits="4"/><line number="598" hits="2"/><line number="601" hits="4"/><line number="602" hits="4"/><line number="608" hits="0"/><line number="609" hits="0"/><line number="611" hits="0"/><line number="612" hits="0"/><line number="613" hits="0"/><line number="615" hits="0"/><line number="617" hits="0"/><line number="618" hits="0"/><line number="621" hits="0"/><line number="622" hits="0"/><line number="626" hits="0"/><line number="627" hits="0"/><line number="629" hits="0"/><line number="630" hits="0"/><line number="633" hits="0"/><line number="635" hits="0"/><line number="636" hits="0"/><line number="637" hits="0"/><line number="638" hits="0"/><line number="639" hits="0"/><line number="640" hits="0"/><line number="642" hits="0"/><line number="648" hits="0"/><line number="649" hits="0"/><line number="651" hits="0"/><line number="654" hits="0"/><line number="655" hits="0"/><line number="656" hits="0"/><line number="657" hits="0"/><line number="659" hits="0"/><line number="662" hits="0"/><line number="669" hits="2"/><line number="674" hits="4"/><line number="675" hits="4"/><line number="679" hits="0"/><line number="680" hits="0"/><line number="683" hits="0"/><line number="684" hits="0"/><line number="685" hits="0"/><line number="688" hits="0"/><line number="690" hits="0"/><line number="692" hits="0"/><line number="699" hits="0"/><line number="702" hits="2"/><line number="708" hits="6"/><line number="709" hits="4"/><line number="713" hits="2"/><line number="714" hits="8"/><line number="717" hits="2"/><line number="718" hits="2"/><line number="719" hits="4"/><line number="721" hits="2"/><line number="724" hits="6"/><line number="725" hits="4"/><line number="730" hits="6"/><line number="731" hits="4"/><line number="733" hits="0"/><line number="736" hits="6"/><line number="737" hits="4"/><line number="739" hits="4"/><line number="742" hits="2"/><line number="743" hits="2"/><line number="744" hits="2"/><line number="749" hits="2"/><line number="755" hits="2"/></lines></class><class name="pairing_optimizer" filename="src/pawn/service/pairing_optimizer.rs" line-rate="0.8241758241758241" branch-rate="0" complexity="0"><methods/><lines><line number="91" hits="2"/><line number="104" hits="0"/><line number="105" hits="0"/><line number="110" hits="4"/><line number="112" hits="4"/><line number="117" hits="2"/><line number="125" hits="4"/><line number="126" hits="2"/><line number="128" hits="6"/><line number="134" hits="4"/><line number="135" hits="6"/><line number="136" hits="6"/><line number="139" hits="12"/><line number="142" hits="10"/><line number="143" hits="7"/><line number="144" hits="5"/><line number="145" hits="6"/><line number="146" hits="6"/><line number="149" hits="4"/><line number="151" hits="4"/><line number="152" hits="2"/><line number="155" hits="2"/><line number="156" hits="4"/><line number="157" hits="2"/><line number="158" hits="4"/><line number="167" hits="4"/><line number="170" hits="2"/><line number="171" hits="2"/><line number="172" hits="2"/><line number="175" hits="2"/><line number="176" hits="2"/><line number="177" hits="2"/><line number="178" hits="2"/><line number="179" hits="2"/><line number="185" hits="6"/><line number="192" hits="2"/><line number="193" hits="2"/><line number="194" hits="2"/><line number="195" hits="2"/><line number="201" hits="4"/><line number="205" hits="0"/><line number="211" hits="2"/><line number="212" hits="4"/><line number="213" hits="4"/><line number="214" hits="2"/><line number="215" hits="4"/><line number="216" hits="2"/><line number="218" hits="6"/><line number="220" hits="6"/><line number="223" hits="3"/><line number="225" hits="3"/><line number="228" hits="8"/><line number="231" hits="6"/><line number="232" hits="2"/><line number="233" hits="6"/><line number="235" hits="11"/><line number="236" hits="8"/><line number="238" hits="4"/><line number="240" hits="2"/><line number="242" hits="6"/><line number="244" hits="2"/><line number="245" hits="6"/><line number="246" hits="2"/><line number="250" hits="6"/><line number="251" hits="0"/><line number="259" hits="3"/><line number="262" hits="3"/><line number="263" hits="0"/><line number="264" hits="0"/><line number="272" hits="6"/><line number="273" hits="8"/><line number="274" hits="0"/><line number="276" hits="0"/><line number="280" hits="3"/><line number="284" hits="2"/><line number="291" hits="4"/><line number="292" hits="4"/><line number="293" hits="4"/><line number="296" hits="8"/><line number="298" hits="8"/><line number="302" hits="8"/><line number="303" hits="16"/><line number="304" hits="4"/><line number="306" hits="4"/><line number="307" hits="8"/><line number="310" hits="4"/><line number="314" hits="4"/><line number="315" hits="4"/><line number="316" hits="2"/><line number="317" hits="2"/><line number="319" hits="4"/><line number="320" hits="2"/><line number="321" hits="2"/><line number="326" hits="3"/><line number="327" hits="3"/><line number="328" hits="3"/><line number="329" hits="3"/><line number="335" hits="3"/><line number="340" hits="3"/><line number="341" hits="4"/><line number="344" hits="8"/><line number="345" hits="8"/><line number="346" hits="0"/><line number="347" hits="0"/><line number="348" hits="0"/><line number="350" hits="0"/><line number="353" hits="8"/><line number="354" hits="8"/><line number="355" hits="4"/><line number="356" hits="4"/><line number="358" hits="7"/><line number="359" hits="3"/><line number="360" hits="3"/><line number="367" hits="2"/><line number="368" hits="6"/><line number="371" hits="4"/><line number="375" hits="0"/><line number="376" hits="0"/><line number="377" hits="0"/><line number="378" hits="0"/><line number="379" hits="0"/><line number="380" hits="0"/><line number="381" hits="0"/><line number="382" hits="0"/><line number="383" hits="0"/><line number="384" hits="0"/><line number="390" hits="2"/><line number="394" hits="6"/><line number="395" hits="2"/><line number="398" hits="2"/><line number="401" hits="6"/><line number="402" hits="16"/><line number="405" hits="2"/><line number="406" hits="10"/><line number="407" hits="8"/><line number="408" hits="8"/><line number="413" hits="7"/><line number="414" hits="4"/><line number="415" hits="4"/><line number="417" hits="4"/><line number="418" hits="8"/><line number="423" hits="4"/><line number="424" hits="10"/><line number="425" hits="4"/><line number="426" hits="0"/><line number="430" hits="4"/><line number="432" hits="8"/><line number="437" hits="10"/><line number="440" hits="8"/><line number="441" hits="6"/><line number="442" hits="2"/><line number="446" hits="8"/><line number="452" hits="12"/><line number="453" hits="8"/><line number="456" hits="6"/><line number="457" hits="8"/><line number="459" hits="0"/><line number="462" hits="4"/><line number="463" hits="4"/><line number="464" hits="4"/><line number="465" hits="4"/><line number="468" hits="4"/><line number="469" hits="4"/><line number="470" hits="4"/><line number="473" hits="8"/><line number="476" hits="3"/><line number="480" hits="4"/><line number="486" hits="4"/><line number="489" hits="4"/><line number="491" hits="4"/><line number="494" hits="2"/><line number="495" hits="6"/><line number="496" hits="2"/><line number="497" hits="6"/><line number="499" hits="2"/><line number="503" hits="3"/><line number="509" hits="4"/><line number="513" hits="2"/><line number="519" hits="2"/><line number="521" hits="4"/><line number="522" hits="8"/><line number="523" hits="0"/><line number="529" hits="8"/><line number="530" hits="4"/><line number="531" hits="0"/><line number="540" hits="2"/><line number="541" hits="6"/><line number="543" hits="0"/><line number="550" hits="2"/><line number="554" hits="0"/><line number="558" hits="0"/><line number="560" hits="0"/><line number="561" hits="0"/><line number="564" hits="0"/><line number="565" hits="0"/><line number="566" hits="0"/><line number="568" hits="0"/><line number="569" hits="0"/><line number="570" hits="0"/><line number="571" hits="0"/><line number="572" hits="0"/><line number="574" hits="0"/><line number="576" hits="0"/><line number="578" hits="0"/><line number="580" hits="0"/><line number="581" hits="0"/><line number="582" hits="0"/><line number="586" hits="0"/><line number="590" hits="2"/><line number="591" hits="2"/><line number="592" hits="4"/><line number="593" hits="2"/><line number="595" hits="2"/><line number="596" hits="2"/><line number="597" hits="4"/><line number="598" hits="2"/><line number="599" hits="2"/><line number="600" hits="2"/><line number="601" hits="2"/><line number="602" hits="2"/><line number="603" hits="2"/><line number="604" hits="2"/><line number="605" hits="2"/><line number="606" hits="2"/><line number="607" hits="2"/><line number="608" hits="2"/><line number="609" hits="2"/><line number="615" hits="2"/><line number="616" hits="2"/><line number="619" hits="4"/><line number="620" hits="2"/><line number="621" hits="2"/><line number="622" hits="2"/><line number="623" hits="4"/><line number="624" hits="0"/><line number="626" hits="2"/><line number="628" hits="2"/><line number="630" hits="2"/><line number="631" hits="2"/><line number="635" hits="2"/><line number="643" hits="2"/><line number="644" hits="2"/><line number="645" hits="2"/><line number="646" hits="2"/><line number="648" hits="6"/><line number="650" hits="2"/><line number="651" hits="2"/><line number="654" hits="4"/><line number="655" hits="4"/><line number="660" hits="2"/><line number="661" hits="2"/><line number="665" hits="2"/><line number="666" hits="4"/><line number="669" hits="2"/><line number="670" hits="2"/><line number="672" hits="0"/><line number="676" hits="2"/><line number="681" hits="2"/><line number="682" hits="2"/><line number="683" hits="2"/><line number="684" hits="2"/><line number="690" hits="6"/><line number="695" hits="4"/><line number="696" hits="4"/><line number="697" hits="2"/><line number="698" hits="4"/><line number="703" hits="2"/><line number="706" hits="2"/><line number="707" hits="2"/><line number="708" hits="2"/><line number="709" hits="2"/><line number="712" hits="2"/><line number="716" hits="2"/></lines></class><class name="player" filename="src/pawn/service/player.rs" line-rate="0.047619047619047616" branch-rate="0" complexity="0"><methods/><lines><line number="18" hits="10"/><line number="24" hits="0"/><line number="26" hits="0"/><line number="29" hits="0"/><line number="32" hits="0"/><line number="34" hits="0"/><line number="35" hits="0"/><line number="36" hits="0"/><line number="37" hits="0"/><line number="38" hits="0"/><line number="39" hits="0"/><line number="40" hits="0"/><line number="41" hits="0"/><line number="42" hits="0"/><line number="43" hits="0"/><line number="45" hits="0"/><line number="46" hits="0"/><line number="51" hits="0"/><line number="52" hits="0"/><line number="53" hits="0"/><line number="54" hits="0"/><line number="59" hits="0"/><line number="60" hits="0"/><line number="61" hits="0"/><line number="62" hits="0"/><line number="67" hits="0"/><line number="68" hits="0"/><line number="69" hits="0"/><line number="70" hits="0"/><line number="75" hits="0"/><line number="78" hits="0"/><line number="79" hits="0"/><line number="80" hits="0"/><line number="81" hits="0"/><line number="82" hits="0"/><line number="85" hits="0"/><line number="86" hits="0"/><line number="89" hits="2"/><line number="93" hits="13"/><line number="94" hits="0"/><line number="95" hits="11"/><line number="96" hits="0"/><line number="99" hits="2"/><line number="105" hits="4"/><line number="106" hits="6"/><line number="108" hits="0"/><line number="114" hits="0"/><line number="119" hits="0"/><line number="120" hits="0"/><line number="121" hits="0"/><line number="122" hits="0"/><line number="123" hits="0"/><line number="129" hits="0"/><line number="134" hits="0"/><line number="135" hits="0"/><line number="139" hits="0"/><line number="144" hits="0"/><line number="149" hits="0"/><line number="150" hits="0"/><line number="151" hits="0"/><line number="152" hits="0"/><line number="156" hits="0"/><line number="157" hits="0"/><line number="158" hits="0"/><line number="159" hits="0"/><line number="164" hits="0"/><line number="165" hits="0"/><line number="166" hits="0"/><line number="167" hits="0"/><line number="172" hits="0"/><line number="180" hits="0"/><line number="181" hits="0"/><line number="183" hits="0"/><line number="184" hits="0"/><line number="187" hits="0"/><line number="188" hits="0"/><line number="189" hits="0"/><line number="193" hits="0"/><line number="194" hits="0"/><line number="195" hits="0"/><line number="199" hits="0"/><line number="200" hits="0"/><line number="201" hits="0"/><line number="206" hits="0"/><line number="209" hits="0"/><line number="215" hits="0"/><line number="219" hits="0"/><line number="220" hits="0"/><line number="221" hits="0"/><line number="222" hits="0"/><line number="225" hits="0"/><line number="230" hits="0"/><line number="231" hits="0"/><line number="232" hits="0"/><line number="236" hits="0"/><line number="237" hits="0"/><line number="238" hits="0"/><line number="239" hits="0"/><line number="244" hits="0"/><line number="245" hits="0"/><line number="246" hits="0"/><line number="247" hits="0"/><line number="252" hits="0"/><line number="253" hits="0"/><line number="254" hits="0"/><line number="255" hits="0"/><line number="258" hits="0"/><line number="259" hits="0"/><line number="260" hits="0"/><line number="261" hits="0"/><line number="262" hits="0"/><line number="265" hits="0"/><line number="270" hits="0"/><line number="271" hits="0"/><line number="272" hits="0"/><line number="273" hits="0"/><line number="274" hits="0"/><line number="275" hits="0"/><line number="276" hits="0"/><line number="277" hits="0"/><line number="278" hits="0"/><line number="279" hits="0"/><line number="281" hits="0"/><line number="282" hits="0"/><line number="283" hits="0"/><line number="284" hits="0"/><line number="288" hits="0"/><line number="289" hits="0"/><line number="290" hits="0"/><line number="291" hits="0"/><line number="294" hits="0"/><line number="298" hits="0"/><line number="299" hits="0"/><line number="300" hits="0"/><line number="301" hits="0"/><line number="306" hits="0"/><line number="312" hits="0"/><line number="313" hits="0"/><line number="314" hits="0"/><line number="329" hits="0"/><line number="332" hits="0"/><line number="335" hits="0"/><line number="336" hits="0"/><line number="337" hits="0"/><line number="340" hits="0"/><line number="341" hits="0"/><line number="342" hits="0"/></lines></class><class name="realtime_standings" filename="src/pawn/service/realtime_standings.rs" line-rate="0.027972027972027972" branch-rate="0" complexity="0"><methods/><lines><line number="35" hits="5"/><line number="36" hits="14"/><line number="41" hits="16"/><line number="43" hits="9"/><line number="47" hits="0"/><line number="48" hits="0"/><line number="49" hits="0"/><line number="54" hits="0"/><line number="59" hits="0"/><line number="60" hits="0"/><line number="61" hits="0"/><line number="63" hits="0"/><line number="64" hits="0"/><line number="65" hits="0"/><line number="66" hits="0"/><line number="67" hits="0"/><line number="73" hits="0"/><line number="78" hits="0"/><line number="82" hits="0"/><line number="83" hits="0"/><line number="84" hits="0"/><line number="87" hits="0"/><line number="90" hits="0"/><line number="91" hits="0"/><line number="92" hits="0"/><line number="93" hits="0"/><line number="94" hits="0"/><line number="96" hits="0"/><line number="98" hits="0"/><line number="103" hits="0"/><line number="108" hits="0"/><line number="109" hits="0"/><line number="110" hits="0"/><line number="113" hits="0"/><line number="114" hits="0"/><line number="115" hits="0"/><line number="119" hits="0"/><line number="122" hits="0"/><line number="123" hits="0"/><line number="124" hits="0"/><line number="125" hits="0"/><line number="126" hits="0"/><line number="128" hits="0"/><line number="130" hits="0"/><line number="141" hits="0"/><line number="142" hits="0"/><line number="143" hits="0"/><line number="146" hits="0"/><line number="147" hits="0"/><line number="148" hits="0"/><line number="152" hits="0"/><line number="155" hits="0"/><line number="156" hits="0"/><line number="157" hits="0"/><line number="158" hits="0"/><line number="159" hits="0"/><line number="161" hits="0"/><line number="163" hits="0"/><line number="173" hits="0"/><line number="174" hits="0"/><line number="175" hits="0"/><line number="179" hits="0"/><line number="182" hits="0"/><line number="183" hits="0"/><line number="184" hits="0"/><line number="185" hits="0"/><line number="186" hits="0"/><line number="188" hits="0"/><line number="190" hits="0"/><line number="194" hits="0"/><line number="195" hits="0"/><line number="204" hits="0"/><line number="205" hits="0"/><line number="206" hits="0"/><line number="207" hits="0"/><line number="208" hits="0"/><line number="209" hits="0"/><line number="210" hits="0"/><line number="211" hits="0"/><line number="216" hits="0"/><line number="220" hits="0"/><line number="223" hits="0"/><line number="226" hits="0"/><line number="227" hits="0"/><line number="228" hits="0"/><line number="229" hits="0"/><line number="231" hits="0"/><line number="235" hits="0"/><line number="236" hits="0"/><line number="237" hits="0"/><line number="241" hits="0"/><line number="242" hits="0"/><line number="245" hits="0"/><line number="246" hits="0"/><line number="247" hits="0"/><line number="248" hits="0"/><line number="249" hits="0"/><line number="253" hits="0"/><line number="254" hits="0"/><line number="255" hits="0"/><line number="256" hits="0"/><line number="257" hits="0"/><line number="261" hits="0"/><line number="265" hits="0"/><line number="266" hits="0"/><line number="267" hits="0"/><line number="271" hits="0"/><line number="275" hits="0"/><line number="276" hits="0"/><line number="277" hits="0"/><line number="278" hits="0"/><line number="279" hits="0"/><line number="285" hits="0"/><line number="292" hits="0"/><line number="293" hits="0"/><line number="300" hits="0"/><line number="301" hits="0"/><line number="304" hits="0"/><line number="305" hits="0"/><line number="307" hits="0"/><line number="308" hits="0"/><line number="309" hits="0"/><line number="316" hits="0"/><line number="317" hits="0"/><line number="318" hits="0"/><line number="319" hits="0"/><line number="324" hits="0"/><line number="325" hits="0"/><line number="326" hits="0"/><line number="327" hits="0"/><line number="331" hits="0"/><line number="332" hits="0"/><line number="333" hits="0"/><line number="334" hits="0"/><line number="335" hits="0"/><line number="337" hits="0"/><line number="338" hits="0"/><line number="339" hits="0"/><line number="340" hits="0"/><line number="341" hits="0"/><line number="345" hits="0"/><line number="346" hits="0"/><line number="348" hits="0"/></lines></class><class name="round" filename="src/pawn/service/round.rs" line-rate="0.008403361344537815" branch-rate="0" complexity="0"><methods/><lines><line number="20" hits="10"/><line number="23" hits="18"/><line number="27" hits="0"/><line number="31" hits="0"/><line number="32" hits="0"/><line number="33" hits="0"/><line number="34" hits="0"/><line number="37" hits="0"/><line number="38" hits="0"/><line number="39" hits="0"/><line number="40" hits="0"/><line number="41" hits="0"/><line number="44" hits="0"/><line number="46" hits="0"/><line number="47" hits="0"/><line number="48" hits="0"/><line number="49" hits="0"/><line number="50" hits="0"/><line number="53" hits="0"/><line number="54" hits="0"/><line number="55" hits="0"/><line number="60" hits="0"/><line number="61" hits="0"/><line number="63" hits="0"/><line number="65" hits="0"/><line number="66" hits="0"/><line number="67" hits="0"/><line number="72" hits="0"/><line number="73" hits="0"/><line number="74" hits="0"/><line number="75" hits="0"/><line number="78" hits="0"/><line number="80" hits="0"/><line number="81" hits="0"/><line number="82" hits="0"/><line number="83" hits="0"/><line number="84" hits="0"/><line number="86" hits="0"/><line number="87" hits="0"/><line number="90" hits="0"/><line number="91" hits="0"/><line number="92" hits="0"/><line number="93" hits="0"/><line number="94" hits="0"/><line number="99" hits="0"/><line number="100" hits="0"/><line number="102" hits="0"/><line number="103" hits="0"/><line number="104" hits="0"/><line number="105" hits="0"/><line number="106" hits="0"/><line number="108" hits="0"/><line number="110" hits="0"/><line number="111" hits="0"/><line number="112" hits="0"/><line number="115" hits="0"/><line number="119" hits="0"/><line number="121" hits="0"/><line number="122" hits="0"/><line number="123" hits="0"/><line number="124" hits="0"/><line number="125" hits="0"/><line number="127" hits="0"/><line number="128" hits="0"/><line number="129" hits="0"/><line number="130" hits="0"/><line number="137" hits="0"/><line number="138" hits="0"/><line number="139" hits="0"/><line number="140" hits="0"/><line number="141" hits="0"/><line number="144" hits="0"/><line number="148" hits="0"/><line number="151" hits="0"/><line number="152" hits="0"/><line number="153" hits="0"/><line number="154" hits="0"/><line number="155" hits="0"/><line number="156" hits="0"/><line number="157" hits="0"/><line number="158" hits="0"/><line number="159" hits="0"/><line number="160" hits="0"/><line number="161" hits="0"/><line number="163" hits="0"/><line number="165" hits="0"/><line number="166" hits="0"/><line number="167" hits="0"/><line number="168" hits="0"/><line number="172" hits="0"/><line number="176" hits="0"/><line number="177" hits="0"/><line number="178" hits="0"/><line number="179" hits="0"/><line number="180" hits="0"/><line number="184" hits="0"/><line number="185" hits="0"/><line number="186" hits="0"/><line number="187" hits="0"/><line number="188" hits="0"/><line number="190" hits="0"/><line number="191" hits="0"/><line number="192" hits="0"/><line number="193" hits="0"/><line number="196" hits="0"/><line number="197" hits="0"/><line number="199" hits="0"/><line number="202" hits="0"/><line number="203" hits="0"/><line number="204" hits="0"/><line number="205" hits="0"/><line number="206" hits="0"/><line number="208" hits="0"/><line number="210" hits="0"/><line number="211" hits="0"/><line number="212" hits="0"/><line number="213" hits="0"/><line number="218" hits="0"/><line number="219" hits="0"/><line number="220" hits="0"/><line number="221" hits="0"/><line number="222" hits="0"/><line number="224" hits="0"/><line number="227" hits="0"/><line number="229" hits="0"/><line number="230" hits="0"/><line number="231" hits="0"/><line number="232" hits="0"/><line number="233" hits="0"/><line number="236" hits="0"/><line number="237" hits="0"/><line number="240" hits="0"/><line number="241" hits="0"/><line number="243" hits="0"/><line number="244" hits="0"/><line number="248" hits="0"/><line number="249" hits="0"/><line number="250" hits="0"/><line number="252" hits="0"/><line number="253" hits="0"/><line number="254" hits="0"/><line number="255" hits="0"/><line number="260" hits="0"/><line number="261" hits="0"/><line number="262" hits="0"/><line number="266" hits="0"/><line number="267" hits="0"/><line number="268" hits="0"/><line number="269" hits="0"/><line number="270" hits="0"/><line number="271" hits="0"/><line number="275" hits="0"/><line number="276" hits="0"/><line number="277" hits="0"/><line number="278" hits="0"/><line number="279" hits="0"/><line number="283" hits="0"/><line number="285" hits="0"/><line number="288" hits="0"/><line number="295" hits="0"/><line number="296" hits="0"/><line number="297" hits="0"/><line number="298" hits="0"/><line number="299" hits="0"/><line number="301" hits="0"/><line number="303" hits="0"/><line number="306" hits="0"/><line number="307" hits="0"/><line number="308" hits="0"/><line number="311" hits="0"/><line number="312" hits="0"/><line number="313" hits="0"/><line number="314" hits="0"/><line number="315" hits="0"/><line number="318" hits="0"/><line number="320" hits="0"/><line number="321" hits="0"/><line number="322" hits="0"/><line number="323" hits="0"/><line number="324" hits="0"/><line number="327" hits="0"/><line number="328" hits="0"/><line number="329" hits="0"/><line number="330" hits="0"/><line number="333" hits="0"/><line number="337" hits="0"/><line number="338" hits="0"/><line number="343" hits="0"/><line number="344" hits="0"/><line number="345" hits="0"/><line number="348" hits="0"/><line number="349" hits="0"/><line number="350" hits="0"/><line number="351" hits="0"/><line number="352" hits="0"/><line number="355" hits="0"/><line number="358" hits="0"/><line number="362" hits="0"/><line number="366" hits="0"/><line number="368" hits="0"/><line number="375" hits="0"/><line number="384" hits="0"/><line number="388" hits="0"/><line number="392" hits="0"/><line number="393" hits="0"/><line number="394" hits="0"/><line number="395" hits="0"/><line number="396" hits="0"/><line number="399" hits="0"/><line number="402" hits="0"/><line number="406" hits="0"/><line number="409" hits="0"/><line number="411" hits="0"/><line number="412" hits="0"/><line number="413" hits="0"/><line number="415" hits="0"/><line number="418" hits="0"/><line number="420" hits="0"/><line number="421" hits="0"/><line number="422" hits="0"/><line number="423" hits="0"/><line number="424" hits="0"/><line number="426" hits="0"/><line number="427" hits="0"/><line number="429" hits="0"/><line number="433" hits="0"/><line number="434" hits="0"/><line number="435" hits="0"/><line number="436" hits="0"/><line number="437" hits="0"/><line number="439" hits="0"/><line number="440" hits="0"/><line number="441" hits="0"/><line number="442" hits="0"/><line number="447" hits="0"/><line number="448" hits="0"/><line number="449" hits="0"/><line number="451" hits="0"/></lines></class><class name="round_robin_analysis" filename="src/pawn/service/round_robin_analysis.rs" line-rate="0.012987012987012988" branch-rate="0" complexity="0"><methods/><lines><line number="18" hits="18"/><line number="22" hits="0"/><line number="29" hits="0"/><line number="30" hits="0"/><line number="31" hits="0"/><line number="32" hits="0"/><line number="33" hits="0"/><line number="35" hits="0"/><line number="36" hits="0"/><line number="37" hits="0"/><line number="38" hits="0"/><line number="39" hits="0"/><line number="42" hits="0"/><line number="44" hits="0"/><line number="48" hits="0"/><line number="51" hits="0"/><line number="52" hits="0"/><line number="54" hits="0"/><line number="58" hits="0"/><line number="59" hits="0"/><line number="61" hits="0"/><line number="65" hits="0"/><line number="67" hits="0"/><line number="68" hits="0"/><line number="69" hits="0"/><line number="70" hits="0"/><line number="71" hits="0"/><line number="75" hits="0"/><line number="76" hits="0"/><line number="78" hits="0"/><line number="79" hits="0"/><line number="82" hits="0"/><line number="83" hits="0"/><line number="85" hits="0"/><line number="86" hits="0"/><line number="88" hits="0"/><line number="91" hits="0"/><line number="93" hits="0"/><line number="94" hits="0"/><line number="96" hits="0"/><line number="99" hits="0"/><line number="101" hits="0"/><line number="102" hits="0"/><line number="103" hits="0"/><line number="105" hits="0"/><line number="108" hits="0"/><line number="111" hits="0"/><line number="115" hits="0"/><line number="120" hits="0"/><line number="121" hits="0"/><line number="122" hits="0"/><line number="124" hits="0"/><line number="127" hits="0"/><line number="128" hits="0"/><line number="129" hits="0"/><line number="130" hits="0"/><line number="131" hits="0"/><line number="134" hits="0"/><line number="135" hits="0"/><line number="137" hits="0"/><line number="147" hits="0"/><line number="152" hits="0"/><line number="155" hits="0"/><line number="156" hits="0"/><line number="160" hits="0"/><line number="161" hits="0"/><line number="163" hits="0"/><line number="164" hits="0"/><line number="166" hits="0"/><line number="167" hits="0"/><line number="172" hits="0"/><line number="175" hits="0"/><line number="176" hits="0"/><line number="177" hits="0"/><line number="178" hits="0"/><line number="179" hits="0"/><line number="180" hits="0"/></lines></class><class name="round_robin_pairing" filename="src/pawn/service/round_robin_pairing.rs" line-rate="0.7857142857142857" branch-rate="0" complexity="0"><methods/><lines><line number="50" hits="0"/><line number="51" hits="0"/><line number="61" hits="2"/><line number="67" hits="3"/><line number="74" hits="4"/><line number="75" hits="4"/><line number="78" hits="2"/><line number="79" hits="5"/><line number="81" hits="14"/><line number="82" hits="7"/><line number="86" hits="6"/><line number="88" hits="6"/><line number="91" hits="6"/><line number="92" hits="3"/><line number="93" hits="9"/><line number="99" hits="0"/><line number="105" hits="0"/><line number="112" hits="0"/><line number="114" hits="0"/><line number="115" hits="0"/><line number="118" hits="0"/><line number="119" hits="0"/><line number="120" hits="0"/><line number="124" hits="0"/><line number="129" hits="0"/><line number="131" hits="0"/><line number="137" hits="0"/><line number="143" hits="0"/><line number="150" hits="0"/><line number="151" hits="0"/><line number="152" hits="0"/><line number="156" hits="0"/><line number="157" hits="0"/><line number="158" hits="0"/><line number="162" hits="0"/><line number="163" hits="0"/><line number="172" hits="0"/><line number="173" hits="0"/><line number="174" hits="0"/><line number="181" hits="2"/><line number="182" hits="2"/><line number="185" hits="2"/><line number="186" hits="2"/><line number="189" hits="4"/><line number="197" hits="6"/><line number="198" hits="4"/><line number="201" hits="2"/><line number="205" hits="4"/><line number="206" hits="2"/><line number="209" hits="2"/><line number="213" hits="2"/><line number="218" hits="2"/><line number="219" hits="4"/><line number="220" hits="4"/><line number="221" hits="4"/><line number="222" hits="0"/><line number="228" hits="3"/><line number="229" hits="3"/><line number="233" hits="6"/><line number="236" hits="11"/><line number="237" hits="3"/><line number="239" hits="8"/><line number="240" hits="15"/><line number="241" hits="3"/><line number="243" hits="10"/><line number="245" hits="10"/><line number="246" hits="10"/><line number="249" hits="3"/><line number="251" hits="4"/><line number="253" hits="7"/><line number="256" hits="6"/><line number="258" hits="7"/><line number="259" hits="14"/><line number="261" hits="3"/><line number="265" hits="7"/><line number="269" hits="4"/><line number="270" hits="4"/><line number="273" hits="7"/><line number="277" hits="6"/><line number="288" hits="4"/><line number="290" hits="12"/><line number="291" hits="4"/><line number="293" hits="9"/><line number="297" hits="12"/><line number="298" hits="3"/><line number="299" hits="8"/><line number="300" hits="3"/><line number="302" hits="9"/><line number="304" hits="16"/><line number="305" hits="3"/><line number="307" hits="7"/><line number="313" hits="2"/><line number="317" hits="2"/><line number="320" hits="4"/><line number="321" hits="2"/><line number="322" hits="2"/><line number="324" hits="6"/><line number="326" hits="2"/><line number="329" hits="2"/><line number="332" hits="2"/><line number="337" hits="2"/><line number="340" hits="2"/><line number="344" hits="8"/><line number="350" hits="8"/><line number="352" hits="9"/><line number="353" hits="0"/><line number="359" hits="8"/><line number="360" hits="17"/><line number="362" hits="9"/><line number="363" hits="15"/><line number="364" hits="8"/><line number="365" hits="19"/><line number="366" hits="9"/><line number="367" hits="17"/><line number="368" hits="9"/><line number="374" hits="11"/><line number="380" hits="3"/><line number="384" hits="4"/><line number="389" hits="3"/><line number="390" hits="7"/><line number="395" hits="6"/><line number="396" hits="8"/><line number="400" hits="2"/><line number="406" hits="2"/><line number="407" hits="2"/><line number="409" hits="6"/><line number="411" hits="4"/><line number="414" hits="6"/><line number="415" hits="4"/><line number="417" hits="4"/><line number="420" hits="6"/><line number="421" hits="4"/><line number="423" hits="4"/><line number="426" hits="2"/><line number="427" hits="2"/><line number="428" hits="2"/><line number="429" hits="2"/><line number="433" hits="3"/><line number="439" hits="2"/><line number="443" hits="0"/><line number="452" hits="0"/><line number="455" hits="0"/><line number="456" hits="0"/><line number="459" hits="0"/><line number="463" hits="2"/><line number="465" hits="2"/><line number="467" hits="4"/><line number="468" hits="6"/><line number="469" hits="2"/><line number="470" hits="2"/><line number="472" hits="4"/><line number="473" hits="2"/><line number="478" hits="2"/><line number="480" hits="4"/></lines></class><class name="seeding" filename="src/pawn/service/seeding.rs" line-rate="0" branch-rate="0" complexity="0"><methods/><lines><line number="23" hits="0"/><line number="28" hits="0"/><line number="40" hits="0"/><line number="41" hits="0"/><line number="42" hits="0"/><line number="43" hits="0"/><line number="44" hits="0"/><line number="46" hits="0"/><line number="47" hits="0"/><line number="49" hits="0"/><line number="53" hits="0"/><line number="62" hits="0"/><line number="63" hits="0"/><line number="65" hits="0"/><line number="69" hits="0"/><line number="74" hits="0"/><line number="75" hits="0"/><line number="77" hits="0"/><line number="78" hits="0"/><line number="80" hits="0"/><line number="81" hits="0"/><line number="83" hits="0"/><line number="84" hits="0"/><line number="86" hits="0"/><line number="87" hits="0"/><line number="90" hits="0"/><line number="91" hits="0"/><line number="94" hits="0"/><line number="95" hits="0"/><line number="97" hits="0"/><line number="100" hits="0"/><line number="101" hits="0"/><line number="103" hits="0"/><line number="104" hits="0"/><line number="106" hits="0"/><line number="107" hits="0"/><line number="109" hits="0"/><line number="110" hits="0"/><line number="112" hits="0"/><line number="114" hits="0"/><line number="116" hits="0"/><line number="117" hits="0"/><line number="119" hits="0"/><line number="123" hits="0"/><line number="127" hits="0"/><line number="129" hits="0"/><line number="132" hits="0"/><line number="133" hits="0"/><line number="135" hits="0"/><line number="139" hits="0"/><line number="143" hits="0"/><line number="144" hits="0"/><line number="146" hits="0"/><line number="147" hits="0"/><line number="148" hits="0"/><line number="151" hits="0"/><line number="152" hits="0"/><line number="156" hits="0"/><line number="160" hits="0"/><line number="162" hits="0"/><line number="163" hits="0"/><line number="164" hits="0"/><line number="166" hits="0"/><line number="167" hits="0"/><line number="169" hits="0"/><line number="170" hits="0"/><line number="173" hits="0"/><line number="174" hits="0"/><line number="180" hits="0"/><line number="181" hits="0"/><line number="183" hits="0"/><line number="184" hits="0"/><line number="186" hits="0"/><line number="187" hits="0"/><line number="188" hits="0"/><line number="189" hits="0"/><line number="191" hits="0"/><line number="192" hits="0"/><line number="196" hits="0"/><line number="197" hits="0"/><line number="201" hits="0"/><line number="202" hits="0"/><line number="204" hits="0"/><line number="205" hits="0"/><line number="206" hits="0"/><line number="207" hits="0"/><line number="209" hits="0"/><line number="210" hits="0"/><line number="211" hits="0"/><line number="212" hits="0"/><line number="213" hits="0"/><line number="216" hits="0"/><line number="219" hits="0"/><line number="220" hits="0"/><line number="221" hits="0"/><line number="223" hits="0"/><line number="226" hits="0"/><line number="228" hits="0"/><line number="233" hits="0"/><line number="234" hits="0"/><line number="241" hits="0"/><line number="247" hits="0"/><line number="248" hits="0"/><line number="250" hits="0"/><line number="253" hits="0"/><line number="259" hits="0"/><line number="261" hits="0"/><line number="264" hits="0"/><line number="265" hits="0"/><line number="266" hits="0"/><line number="267" hits="0"/><line number="268" hits="0"/><line number="269" hits="0"/><line number="270" hits="0"/><line number="275" hits="0"/><line number="276" hits="0"/><line number="277" hits="0"/><line number="278" hits="0"/><line number="279" hits="0"/><line number="280" hits="0"/><line number="281" hits="0"/><line number="282" hits="0"/><line number="283" hits="0"/><line number="288" hits="0"/><line number="289" hits="0"/><line number="291" hits="0"/><line number="292" hits="0"/><line number="293" hits="0"/><line number="294" hits="0"/><line number="295" hits="0"/><line number="296" hits="0"/><line number="297" hits="0"/><line number="298" hits="0"/><line number="299" hits="0"/><line number="300" hits="0"/><line number="306" hits="0"/><line number="307" hits="0"/><line number="308" hits="0"/><line number="309" hits="0"/><line number="310" hits="0"/><line number="311" hits="0"/><line number="312" hits="0"/><line number="313" hits="0"/><line number="314" hits="0"/><line number="321" hits="0"/><line number="325" hits="0"/><line number="328" hits="0"/><line number="329" hits="0"/><line number="330" hits="0"/><line number="331" hits="0"/><line number="332" hits="0"/><line number="333" hits="0"/><line number="334" hits="0"/><line number="335" hits="0"/><line number="336" hits="0"/><line number="337" hits="0"/><line number="338" hits="0"/><line number="342" hits="0"/><line number="343" hits="0"/><line number="344" hits="0"/><line number="348" hits="0"/><line number="349" hits="0"/><line number="350" hits="0"/><line number="352" hits="0"/><line number="353" hits="0"/><line number="357" hits="0"/><line number="359" hits="0"/><line number="360" hits="0
[...]
 hits="12"/><line number="104" hits="4"/><line number="105" hits="4"/><line number="106" hits="7"/><line number="109" hits="12"/><line number="110" hits="4"/><line number="111" hits="4"/><line number="112" hits="8"/><line number="115" hits="4"/><line number="117" hits="2"/><line number="121" hits="0"/><line number="127" hits="0"/><line number="128" hits="0"/><line number="129" hits="0"/><line number="130" hits="0"/><line number="131" hits="0"/><line number="134" hits="0"/><line number="138" hits="2"/><line number="145" hits="3"/><line number="146" hits="3"/><line number="147" hits="12"/><line number="149" hits="3"/><line number="153" hits="0"/><line number="159" hits="0"/><line number="160" hits="0"/><line number="161" hits="0"/><line number="162" hits="0"/><line number="163" hits="0"/><line number="164" hits="0"/><line number="165" hits="0"/><line number="166" hits="0"/><line number="167" hits="0"/><line number="168" hits="0"/><line number="169" hits="0"/><line number="170" hits="0"/><line number="171" hits="0"/><line number="173" hits="0"/><line number="177" hits="0"/><line number="195" hits="0"/><line number="196" hits="0"/><line number="197" hits="0"/><line number="198" hits="0"/><line number="199" hits="0"/><line number="200" hits="0"/><line number="201" hits="0"/><line number="202" hits="0"/><line number="203" hits="0"/><line number="204" hits="0"/><line number="205" hits="0"/><line number="206" hits="0"/><line number="207" hits="0"/><line number="209" hits="0"/><line number="213" hits="0"/><line number="218" hits="0"/><line number="219" hits="0"/><line number="220" hits="0"/><line number="221" hits="0"/><line number="223" hits="0"/><line number="224" hits="0"/><line number="227" hits="0"/><line number="228" hits="0"/><line number="229" hits="0"/><line number="230" hits="0"/><line number="232" hits="0"/><line number="236" hits="0"/><line number="237" hits="0"/><line number="239" hits="0"/><line number="240" hits="0"/><line number="241" hits="0"/><line number="243" hits="0"/><line number="247" hits="0"/><line number="253" hits="0"/><line number="254" hits="0"/><line number="255" hits="0"/><line number="256" hits="0"/><line number="257" hits="0"/><line number="258" hits="0"/><line number="259" hits="0"/><line number="261" hits="0"/><line number="265" hits="0"/><line number="266" hits="0"/><line number="267" hits="0"/><line number="268" hits="0"/><line number="269" hits="0"/><line number="271" hits="0"/><line number="275" hits="0"/><line number="276" hits="0"/><line number="277" hits="0"/><line number="278" hits="0"/><line number="279" hits="0"/><line number="281" hits="0"/><line number="285" hits="0"/><line number="292" hits="0"/><line number="293" hits="0"/><line number="294" hits="0"/><line number="295" hits="0"/><line number="296" hits="0"/><line number="297" hits="0"/><line number="298" hits="0"/><line number="299" hits="0"/><line number="301" hits="0"/><line number="305" hits="0"/><line number="309" hits="0"/><line number="310" hits="0"/><line number="311" hits="0"/><line number="312" hits="0"/><line number="314" hits="0"/><line number="315" hits="0"/><line number="318" hits="0"/><line number="319" hits="0"/><line number="320" hits="0"/><line number="321" hits="0"/><line number="322" hits="0"/><line number="323" hits="0"/><line number="328" hits="0"/><line number="335" hits="0"/><line number="336" hits="0"/><line number="337" hits="0"/><line number="339" hits="0"/><line number="343" hits="0"/><line number="345" hits="0"/><line number="346" hits="0"/><line number="347" hits="0"/><line number="348" hits="0"/><line number="349" hits="0"/><line number="352" hits="0"/><line number="353" hits="0"/><line number="354" hits="0"/><line number="355" hits="0"/><line number="356" hits="0"/><line number="358" hits="0"/><line number="362" hits="0"/><line number="371" hits="0"/><line number="372" hits="0"/><line number="373" hits="0"/><line number="375" hits="0"/><line number="376" hits="0"/><line number="377" hits="0"/><line number="378" hits="0"/><line number="379" hits="0"/><line number="380" hits="0"/><line number="385" hits="0"/><line number="389" hits="0"/><line number="394" hits="0"/><line number="396" hits="0"/><line number="397" hits="0"/><line number="398" hits="0"/><line number="399" hits="0"/><line number="401" hits="0"/><line number="405" hits="0"/><line number="409" hits="0"/><line number="410" hits="0"/><line number="412" hits="0"/><line number="431" hits="0"/><line number="432" hits="0"/><line number="433" hits="0"/><line number="434" hits="0"/><line number="435" hits="0"/><line number="436" hits="0"/><line number="437" hits="0"/><line number="438" hits="0"/><line number="439" hits="0"/><line number="441" hits="0"/><line number="443" hits="0"/><line number="444" hits="0"/><line number="446" hits="0"/><line number="447" hits="0"/><line number="448" hits="0"/><line number="449" hits="0"/><line number="454" hits="0"/><line number="455" hits="0"/><line number="456" hits="0"/><line number="457" hits="0"/><line number="458" hits="0"/><line number="461" hits="0"/><line number="465" hits="0"/><line number="466" hits="0"/><line number="467" hits="0"/><line number="469" hits="0"/><line number="470" hits="0"/><line number="471" hits="0"/><line number="472" hits="0"/><line number="473" hits="0"/><line number="475" hits="0"/><line number="476" hits="0"/><line number="477" hits="0"/><line number="478" hits="0"/><line number="480" hits="0"/><line number="481" hits="0"/><line number="482" hits="0"/><line number="483" hits="0"/><line number="487" hits="0"/><line number="491" hits="2"/><line number="522" hits="2"/><line number="523" hits="2"/><line number="524" hits="8"/><line number="526" hits="2"/><line number="527" hits="0"/><line number="529" hits="0"/><line number="530" hits="0"/><line number="531" hits="0"/><line number="534" hits="0"/><line number="535" hits="0"/><line number="537" hits="0"/><line number="538" hits="0"/><line number="539" hits="0"/><line number="540" hits="0"/><line number="541" hits="0"/><line number="542" hits="0"/><line number="543" hits="0"/><line number="544" hits="0"/><line number="545" hits="0"/><line number="546" hits="0"/><line number="547" hits="0"/><line number="548" hits="0"/><line number="553" hits="2"/><line number="554" hits="2"/><line number="555" hits="2"/><line number="562" hits="0"/><line number="567" hits="0"/><line number="568" hits="0"/><line number="598" hits="0"/><line number="599" hits="0"/><line number="600" hits="0"/><line number="601" hits="0"/><line number="602" hits="0"/><line number="603" hits="0"/><line number="604" hits="0"/><line number="605" hits="0"/><line number="606" hits="0"/><line number="607" hits="0"/><line number="608" hits="0"/><line number="609" hits="0"/><line number="610" hits="0"/><line number="611" hits="0"/><line number="612" hits="0"/><line number="613" hits="0"/><line number="615" hits="0"/><line number="620" hits="0"/><line number="624" hits="0"/><line number="626" hits="0"/><line number="627" hits="0"/><line number="628" hits="0"/><line number="630" hits="0"/><line number="634" hits="0"/><line number="639" hits="0"/><line number="640" hits="0"/><line number="641" hits="0"/><line number="643" hits="0"/><line number="647" hits="0"/><line number="648" hits="0"/><line number="649" hits="0"/><line number="650" hits="0"/><line number="651" hits="0"/><line number="653" hits="0"/><line number="657" hits="0"/><line number="661" hits="0"/><line number="662" hits="0"/><line number="663" hits="0"/><line number="664" hits="0"/><line number="666" hits="0"/><line number="668" hits="0"/><line number="670" hits="0"/><line number="671" hits="0"/><line number="673" hits="0"/><line number="677" hits="0"/><line number="678" hits="0"/><line number="679" hits="0"/><line number="680" hits="0"/><line number="681" hits="0"/><line number="682" hits="0"/><line number="683" hits="0"/><line number="685" hits="0"/><line number="686" hits="0"/><line number="687" hits="0"/><line number="688" hits="0"/><line number="690" hits="0"/><line number="694" hits="0"/><line number="703" hits="0"/><line number="704" hits="0"/><line number="705" hits="0"/><line number="706" hits="0"/><line number="708" hits="0"/><line number="710" hits="0"/><line number="712" hits="0"/><line number="713" hits="0"/><line number="714" hits="0"/><line number="715" hits="0"/><line number="718" hits="0"/><line number="719" hits="0"/><line number="720" hits="0"/><line number="721" hits="0"/><line number="723" hits="0"/><line number="724" hits="0"/><line number="725" hits="0"/><line number="726" hits="0"/><line number="730" hits="0"/><line number="736" hits="0"/><line number="743" hits="0"/><line number="744" hits="0"/><line number="745" hits="0"/><line number="747" hits="0"/><line number="751" hits="0"/><line number="763" hits="0"/><line number="764" hits="0"/><line number="765" hits="0"/><line number="766" hits="0"/><line number="767" hits="0"/><line number="768" hits="0"/><line number="769" hits="0"/><line number="770" hits="0"/><line number="771" hits="0"/><line number="772" hits="0"/><line number="775" hits="0"/><line number="777" hits="0"/><line number="778" hits="0"/><line number="779" hits="0"/><line number="781" hits="0"/><line number="785" hits="0"/><line number="787" hits="0"/><line number="788" hits="0"/><line number="789" hits="0"/><line number="790" hits="0"/><line number="793" hits="0"/><line number="794" hits="0"/><line number="795" hits="0"/><line number="796" hits="0"/><line number="798" hits="0"/><line number="802" hits="0"/><line number="809" hits="0"/><line number="810" hits="0"/><line number="811" hits="0"/><line number="812" hits="0"/><line number="818" hits="0"/><line number="819" hits="0"/><line number="820" hits="0"/><line number="821" hits="0"/><line number="823" hits="0"/><line number="827" hits="0"/><line number="840" hits="0"/><line number="841" hits="0"/><line number="842" hits="0"/><line number="844" hits="0"/><line number="849" hits="0"/><line number="858" hits="0"/><line number="859" hits="0"/><line number="860" hits="0"/><line number="861" hits="0"/><line number="862" hits="0"/><line number="864" hits="0"/><line number="868" hits="0"/><line number="872" hits="0"/><line number="873" hits="0"/><line number="874" hits="0"/><line number="875" hits="0"/><line number="877" hits="0"/><line number="881" hits="0"/><line number="885" hits="0"/><line number="886" hits="0"/><line number="887" hits="0"/><line number="888" hits="0"/><line number="890" hits="0"/><line number="894" hits="0"/><line number="903" hits="0"/><line number="904" hits="0"/><line number="905" hits="0"/><line number="906" hits="0"/><line number="907" hits="0"/><line number="908" hits="0"/><line number="909" hits="0"/><line number="910" hits="0"/><line number="912" hits="0"/><line number="916" hits="0"/><line number="925" hits="0"/><line number="926" hits="0"/><line number="927" hits="0"/><line number="929" hits="0"/><line number="933" hits="0"/><line number="943" hits="0"/><line number="944" hits="0"/><line number="945" hits="0"/><line number="946" hits="0"/><line number="948" hits="0"/><line number="952" hits="0"/><line number="963" hits="0"/><line number="964" hits="0"/><line number="965" hits="0"/><line number="966" hits="0"/><line number="967" hits="0"/><line number="969" hits="0"/><line number="974" hits="0"/><line number="978" hits="0"/><line number="979" hits="0"/><line number="981" hits="0"/><line number="985" hits="0"/><line number="986" hits="0"/><line number="987" hits="0"/><line number="988" hits="0"/><line number="989" hits="0"/><line number="991" hits="0"/><line number="995" hits="0"/><line number="1004" hits="0"/><line number="1005" hits="0"/><line number="1006" hits="0"/><line number="1007" hits="0"/><line number="1008" hits="0"/><line number="1009" hits="0"/><line number="1010" hits="0"/><line number="1011" hits="0"/><line number="1012" hits="0"/><line number="1013" hits="0"/><line number="1014" hits="0"/><line number="1016" hits="0"/><line number="1020" hits="0"/><line number="1025" hits="0"/><line number="1042" hits="0"/><line number="1043" hits="0"/><line number="1044" hits="0"/><line number="1045" hits="0"/><line number="1046" hits="0"/><line number="1047" hits="0"/><line number="1048" hits="0"/><line number="1049" hits="0"/><line number="1050" hits="0"/><line number="1051" hits="0"/><line number="1052" hits="0"/><line number="1053" hits="0"/><line number="1055" hits="0"/><line number="1059" hits="0"/><line number="1060" hits="0"/><line number="1061" hits="0"/><line number="1062" hits="0"/><line number="1063" hits="0"/><line number="1065" hits="0"/><line number="1069" hits="0"/><line number="1073" hits="0"/><line number="1074" hits="0"/><line number="1075" hits="0"/><line number="1076" hits="0"/><line number="1078" hits="0"/><line number="1082" hits="0"/><line number="1086" hits="0"/><line number="1087" hits="0"/><line number="1088" hits="0"/><line number="1089" hits="0"/><line number="1091" hits="0"/><line number="1096" hits="0"/><line number="1105" hits="0"/><line number="1106" hits="0"/><line number="1107" hits="0"/><line number="1108" hits="0"/><line number="1109" hits="0"/><line number="1110" hits="0"/><line number="1111" hits="0"/><line number="1112" hits="0"/><line number="1113" hits="0"/><line number="1114" hits="0"/><line number="1115" hits="0"/><line number="1117" hits="0"/><line number="1121" hits="0"/><line number="1140" hits="0"/><line number="1141" hits="0"/><line number="1142" hits="0"/><line number="1143" hits="0"/><line number="1144" hits="0"/><line number="1145" hits="0"/><line number="1146" hits="0"/><line number="1147" hits="0"/><line number="1148" hits="0"/><line number="1149" hits="0"/><line number="1150" hits="0"/><line number="1151" hits="0"/><line number="1153" hits="0"/><line number="1157" hits="0"/><line number="1158" hits="0"/><line number="1159" hits="0"/><line number="1160" hits="0"/><line number="1161" hits="0"/><line number="1163" hits="0"/><line number="1167" hits="2"/><line number="1171" hits="16"/><line number="1172" hits="2"/><line number="1173" hits="2"/><line number="1174" hits="10"/><line number="1176" hits="0"/><line number="1180" hits="2"/><line number="1184" hits="12"/><line number="1185" hits="2"/><line number="1186" hits="2"/><line number="1187" hits="8"/><line number="1189" hits="2"/><line number="1193" hits="2"/><line number="1198" hits="4"/><line number="1202" hits="4"/><line number="1203" hits="4"/><line number="1204" hits="2"/><line number="1205" hits="8"/><line number="1207" hits="0"/><line number="1208" hits="0"/><line number="1209" hits="0"/><line number="1210" hits="0"/><line number="1213" hits="2"/><line number="1217" hits="8"/><line number="1218" hits="16"/><line number="1219" hits="2"/><line number="1220" hits="2"/><line number="1221" hits="10"/><line number="1223" hits="0"/><line number="1228" hits="0"/><line number="1237" hits="0"/><line number="1238" hits="0"/><line number="1239" hits="0"/><line number="1240" hits="0"/><line number="1241" hits="0"/><line number="1242" hits="0"/><line number="1244" hits="0"/><line number="1248" hits="0"/><line number="1252" hits="0"/><line number="1253" hits="0"/><line number="1254" hits="0"/><line number="1255" hits="0"/><line number="1256" hits="0"/><line number="1258" hits="0"/><line number="1262" hits="2"/><line number="1269" hits="2"/><line number="1270" hits="2"/><line number="1271" hits="8"/><line number="1273" hits="2"/><line number="1277" hits="0"/><line number="1287" hits="0"/><line number="1288" hits="0"/><line number="1289" hits="0"/><line number="1291" hits="0"/><line number="1295" hits="0"/><line number="1296" hits="0"/><line number="1297" hits="0"/><line number="1298" hits="0"/><line number="1299" hits="0"/><line number="1301" hits="0"/><line number="1306" hits="0"/><line number="1315" hits="0"/><line number="1316" hits="0"/><line number="1317" hits="0"/><line number="1318" hits="0"/><line number="1319" hits="0"/><line number="1320" hits="0"/><line number="1321" hits="0"/><line number="1322" hits="0"/><line number="1323" hits="0"/><line number="1325" hits="0"/><line number="1329" hits="0"/><line number="1350" hits="0"/><line number="1351" hits="0"/><line number="1352" hits="0"/><line number="1353" hits="0"/><line number="1354" hits="0"/><line number="1355" hits="0"/><line number="1356" hits="0"/><line number="1357" hits="0"/><line number="1358" hits="0"/><line number="1359" hits="0"/><line number="1360" hits="0"/><line number="1361" hits="0"/><line number="1362" hits="0"/><line number="1363" hits="0"/><line number="1365" hits="0"/><line number="1369" hits="0"/><line number="1373" hits="0"/><line number="1374" hits="0"/><line number="1375" hits="0"/><line number="1376" hits="0"/><line number="1378" hits="0"/><line number="1382" hits="2"/><line number="1387" hits="4"/><line number="1388" hits="0"/><line number="1389" hits="0"/><line number="1391" hits="0"/><line number="1392" hits="0"/><line number="1397" hits="2"/><line number="1398" hits="2"/><line number="1399" hits="8"/><line number="1402" hits="2"/><line number="1407" hits="0"/><line number="1416" hits="0"/><line number="1417" hits="0"/><line number="1418" hits="0"/><line number="1419" hits="0"/><line number="1420" hits="0"/><line number="1421" hits="0"/><line number="1422" hits="0"/><line number="1423" hits="0"/><line number="1424" hits="0"/><line number="1425" hits="0"/><line number="1426" hits="0"/><line number="1428" hits="0"/><line number="1432" hits="2"/><line number="1437" hits="14"/><line number="1438" hits="2"/><line number="1439" hits="2"/><line number="1440" hits="2"/><line number="1441" hits="8"/><line number="1443" hits="2"/><line number="1448" hits="0"/><line number="1457" hits="0"/><line number="1458" hits="0"/><line number="1459" hits="0"/><line number="1460" hits="0"/><line number="1461" hits="0"/><line number="1462" hits="0"/><line number="1463" hits="0"/><line number="1464" hits="0"/><line number="1465" hits="0"/><line number="1466" hits="0"/><line number="1467" hits="0"/><line number="1468" hits="0"/><line number="1469" hits="0"/><line number="1470" hits="0"/><line number="1472" hits="0"/><line number="1476" hits="0"/><line number="1497" hits="0"/><line number="1498" hits="0"/><line number="1499" hits="0"/><line number="1500" hits="0"/><line number="1501" hits="0"/><line number="1502" hits="0"/><line number="1503" hits="0"/><line number="1504" hits="0"/><line number="1505" hits="0"/><line number="1506" hits="0"/><line number="1507" hits="0"/><line number="1508" hits="0"/><line number="1509" hits="0"/><line number="1510" hits="0"/><line number="1512" hits="0"/><line number="1516" hits="0"/><line number="1520" hits="0"/><line number="1522" hits="0"/><line number="1523" hits="0"/><line number="1524" hits="0"/><line number="1526" hits="0"/></lines></class></classes></package><package name="src/bin" line-rate="0" branch-rate="0" complexity="0"><classes><class name="generate_bindings" filename="src/bin/generate_bindings.rs" line-rate="0" branch-rate="0" complexity="0"><methods/><lines><line number="13" hits="0"/><line number="14" hits="0"/><line number="17" hits="0"/><line number="19" hits="0"/><line number="189" hits="0"/><line number="192" hits="0"/><line number="194" hits="0"/><line number="196" hits="0"/><line number="198" hits="0"/><line number="205" hits="0"/><line number="207" hits="0"/><line number="213" hits="0"/><line number="214" hits="0"/><line number="217" hits="0"/><line number="222" hits="0"/><line number="226" hits="0"/><line number="227" hits="0"/><line number="228" hits="0"/><line number="233" hits="0"/><line number="236" hits="0"/><line number="239" hits="0"/><line number="242" hits="0"/><line number="244" hits="0"/><line number="245" hits="0"/><line number="246" hits="0"/><line number="249" hits="0"/><line number="250" hits="0"/><line number="252" hits="0"/></lines></class></classes></package><package name="tests" line-rate="0" branch-rate="0" complexity="0"><classes></classes></package></packages></coverage>